<?xml version="1.0" encoding="UTF-8"?>
<!-- Generated by org.testng.reporters.JUnitReportReporter -->
<testsuite hostname="SUDIPTA-PC" name="com.java.hotelMgmt.testSuite.UserGroup.UserGroupCreateTest" tests="1" failures="0" timestamp="19 Aug 2014 20:16:19 GMT" time="3.562" errors="0">
  <testcase name="testEvaluateRPNPositive" time="3.562" classname="com.java.hotelMgmt.testSuite.UserGroup.UserGroupCreateTest"/>
</testsuite> <!-- com.java.hotelMgmt.testSuite.UserGroup.UserGroupCreateTest -->
