<?xml version="1.0" encoding="UTF-8"?>
<!-- Generated by org.testng.reporters.JUnitReportReporter -->
<testsuite hostname="SUDIPTA-PC" name="com.java.hotelMgmt.tdd.UserGroup.UserGroupCreateTest" tests="1" failures="0" timestamp="20 Aug 2014 18:59:06 GMT" time="2.528" errors="0">
  <testcase name="testEvaluateRPNPositive" time="2.528" classname="com.java.hotelMgmt.tdd.UserGroup.UserGroupCreateTest"/>
</testsuite> <!-- com.java.hotelMgmt.tdd.UserGroup.UserGroupCreateTest -->
